info: Dec-18-2022 22:51:23: 	Server Started
info: Dec-18-2022 22:51:25: 	User Logged In
info: Dec-18-2022 22:53:25: 	Server Started
info: Dec-18-2022 22:54:18: 	User Logged In
info: Dec-18-2022 22:59:18: 	Server Started
info: Dec-18-2022 22:59:20: 	Server Started
info: Dec-18-2022 22:59:38: 	Server Started
info: Dec-18-2022 23:00:03: 	Server Started
info: Dec-18-2022 23:00:13: 	Server Started
info: Dec-18-2022 23:00:21: 	Server Started
info: Dec-18-2022 23:00:27: 	Server Started
info: Dec-18-2022 23:00:29: 	Server Started
info: Dec-18-2022 23:00:31: 	Server Started
info: Dec-18-2022 23:00:38: 	Server Started
info: Dec-18-2022 23:00:47: 	Server Started
info: Dec-18-2022 23:00:54: 	Server Started
info: Dec-18-2022 23:00:57: 	Server Started
info: Dec-18-2022 23:01:00: 	Server Started
info: Dec-18-2022 23:01:04: 	Server Started
info: Dec-18-2022 23:01:13: 	Server Started
info: Dec-18-2022 23:01:14: 	Server Started
info: Dec-18-2022 23:01:32: 	Server Started
info: Dec-18-2022 23:01:35: 	Server Started
info: Dec-18-2022 23:01:56: 	Server Started
info: Dec-18-2022 23:01:58: 	Server Started
info: Dec-18-2022 23:02:27: 	Server Started
info: Dec-18-2022 23:02:35: 	Server Started
info: Dec-18-2022 23:03:24: 	Server Started
info: Dec-18-2022 23:03:26: 	Server Started
info: Dec-18-2022 23:03:30: 	Server Started
info: Dec-18-2022 23:03:31: 	Server Started
info: Dec-18-2022 23:03:34: 	Server Started
info: Dec-18-2022 23:03:47: 	Server Started
info: Dec-18-2022 23:03:48: 	Server Started
info: Dec-18-2022 23:03:50: 	Server Started
info: Dec-18-2022 23:04:02: 	Server Started
info: Dec-18-2022 23:04:04: 	Server Started
info: Dec-18-2022 23:04:09: 	Server Started
info: Dec-18-2022 23:04:11: 	Server Started
info: Dec-18-2022 23:04:26: 	User Logged In
info: Dec-18-2022 23:06:00: 	Server Started
info: Dec-18-2022 23:06:12: 	User Logged In
info: Dec-18-2022 23:06:50: 	Server Started
info: Dec-18-2022 23:06:58: 	User Logged In
info: Dec-18-2022 23:08:35: 	Server Started
info: Dec-18-2022 23:08:48: 	User Logged In
info: Dec-18-2022 23:09:30: 	Server Started
info: Dec-18-2022 23:09:44: 	User Logged In
info: Dec-18-2022 23:10:30: 	Server Started
info: Dec-18-2022 23:10:41: 	User Logged In
info: Dec-18-2022 23:12:29: 	Server Started
info: Dec-18-2022 23:12:35: 	Server Started
info: Dec-18-2022 23:13:31: 	Server Started
info: Dec-18-2022 23:13:34: 	Server Started
info: Dec-18-2022 23:13:36: 	Server Started
info: Dec-18-2022 23:13:47: 	Server Started
info: Dec-18-2022 23:14:30: 	Server Started
info: Dec-18-2022 23:14:34: 	Server Started
info: Dec-18-2022 23:14:54: 	Server Started
info: Dec-18-2022 23:14:57: 	Server Started
info: Dec-18-2022 23:15:08: 	Server Started
info: Dec-18-2022 23:16:09: 	Server Started
info: Dec-18-2022 23:16:41: 	Server Started
info: Dec-18-2022 23:16:42: 	Server Started
info: Dec-18-2022 23:16:49: 	Server Started
info: Dec-18-2022 23:18:20: 	Server Started
info: Dec-18-2022 23:18:24: 	Server Started
info: Dec-18-2022 23:18:26: 	Server Started
info: Dec-18-2022 23:18:29: 	Server Started
info: Dec-18-2022 23:18:35: 	Server Started
info: Dec-18-2022 23:18:37: 	Server Started
info: Dec-18-2022 23:18:40: 	Server Started
info: Dec-18-2022 23:19:41: 	Server Started
info: Dec-18-2022 23:19:44: 	Server Started
info: Dec-18-2022 23:19:46: 	Server Started
info: Dec-18-2022 23:19:48: 	Server Started
info: Dec-18-2022 23:19:52: 	Server Started
info: Dec-18-2022 23:20:00: 	Server Started
info: Dec-18-2022 23:20:16: 	Server Started
info: Dec-18-2022 23:20:17: 	Server Started
info: Dec-18-2022 23:20:44: 	Server Started
info: Dec-18-2022 23:21:40: 	Server Started
info: Dec-18-2022 23:21:54: 	Server Started
info: Dec-18-2022 23:21:58: 	Server Started
info: Dec-18-2022 23:22:01: 	Server Started
info: Dec-18-2022 23:22:13: 	User Logged In
info: Dec-18-2022 23:23:26: 	Server Started
info: Dec-18-2022 23:23:30: 	Server Started
info: Dec-18-2022 23:23:43: 	User Logged In
info: Dec-18-2022 23:24:01: 	Server Started
info: Dec-18-2022 23:24:59: 	Server Started
info: Dec-18-2022 23:25:13: 	User Logged In
info: Dec-18-2022 23:25:35: 	Server Started
info: Dec-18-2022 23:25:58: 	Server Started
info: Dec-18-2022 23:26:10: 	User Logged In
info: Dec-18-2022 23:30:27: 	Server Started
info: Dec-18-2022 23:30:30: 	Server Started
info: Dec-18-2022 23:31:06: 	Server Started
info: Dec-18-2022 23:32:20: 	Server Started
info: Dec-18-2022 23:33:36: 	User Logged In
info: Dec-18-2022 23:34:40: 	Server Started
info: Dec-18-2022 23:35:51: 	User Logged In
info: Dec-18-2022 23:37:38: 	User Updated Profile
info: Dec-18-2022 23:38:04: 	User Created Team
info: Dec-18-2022 23:40:16: 	Server Started
info: Dec-18-2022 23:42:17: 	Server Started
info: Dec-18-2022 23:42:49: 	Server Started
info: Dec-18-2022 23:42:52: 	Server Started
info: Dec-18-2022 23:43:10: 	User Logged In
info: Dec-18-2022 23:45:31: 	Server Started
info: Dec-18-2022 23:45:52: 	User Logged In
info: Dec-18-2022 23:46:33: 	Server Started
info: Dec-18-2022 23:46:52: 	User Logged In
info: Dec-18-2022 23:49:50: 	Server Started
info: Dec-18-2022 23:49:52: 	Server Started
info: Dec-18-2022 23:49:56: 	Server Started
info: Dec-19-2022 00:23:30: 	Server Started
info: Dec-19-2022 00:23:46: 	Server Started
info: Dec-19-2022 00:24:37: 	User Registered
info: Dec-19-2022 00:24:43: 	User Logged In
info: Dec-19-2022 00:24:54: 	User Updated Profile
info: Dec-19-2022 00:24:58: 	User Updated Profile
info: Dec-19-2022 00:26:13: 	User Created Team
info: Dec-19-2022 00:38:16: 	Server Started
info: Dec-19-2022 00:38:28: 	User Logged In
info: Dec-19-2022 00:38:47: 	Server Started
info: Dec-19-2022 00:42:38: 	Server Started
info: Dec-19-2022 00:44:41: 	Server Started
info: Dec-19-2022 00:44:57: 	User Logged In
info: Dec-19-2022 00:46:13: 	Server Started
info: Dec-19-2022 00:47:43: 	Server Started
info: Dec-19-2022 00:48:35: 	Server Started
info: Dec-19-2022 00:49:22: 	Server Started
info: Dec-19-2022 01:11:40: 	User Logged In
info: Dec-19-2022 10:29:30: 	Server Started
info: Dec-19-2022 10:30:43: 	Server Started
info: Dec-19-2022 10:30:54: 	User Logged In
info: Dec-19-2022 10:40:26: 	Server Started
info: Dec-19-2022 10:41:07: 	Server Started
info: Dec-19-2022 10:42:04: 	Server Started
info: Dec-19-2022 10:42:24: 	Server Started
info: Dec-19-2022 10:45:45: 	Server Started
info: Dec-19-2022 10:48:14: 	Server Started
info: Dec-19-2022 10:54:39: 	Server Started
info: Dec-19-2022 10:54:56: 	User Logged In
info: Dec-19-2022 10:59:18: 	Server Started
info: Dec-19-2022 10:59:39: 	Server Started
info: Dec-19-2022 11:00:31: 	Server Started
info: Dec-19-2022 11:00:55: 	Server Started
info: Dec-19-2022 11:01:15: 	Server Started
info: Dec-19-2022 11:01:17: 	Server Started
info: Dec-19-2022 11:03:04: 	Server Started
info: Dec-19-2022 11:03:18: 	User Logged In
info: Dec-19-2022 11:08:03: 	Server Started
info: Dec-19-2022 11:09:06: 	Server Started
info: Dec-19-2022 11:09:13: 	Server Started
info: Dec-19-2022 11:10:29: 	Server Started
info: Dec-19-2022 11:10:44: 	User Logged In
info: Dec-19-2022 11:11:50: 	Server Started
info: Dec-19-2022 11:12:45: 	User Logged In
info: Dec-19-2022 11:14:07: 	Server Started
info: Dec-19-2022 11:14:18: 	User Logged In
info: Dec-19-2022 11:17:07: 	Server Started
info: Dec-19-2022 11:17:25: 	Server Started
info: Dec-19-2022 11:17:35: 	User Logged In
info: Dec-19-2022 11:18:31: 	Server Started
info: Dec-19-2022 11:18:40: 	User Logged In
info: Dec-19-2022 11:19:14: 	Server Started
info: Dec-19-2022 11:21:26: 	Server Started
info: Dec-19-2022 11:21:30: 	Server Started
info: Dec-19-2022 11:21:36: 	User Logged In
info: Dec-19-2022 11:23:38: 	Server Started
info: Dec-19-2022 11:23:49: 	User Logged In
info: Dec-19-2022 11:24:27: 	Server Started
info: Dec-19-2022 11:24:45: 	User Logged In
info: Dec-19-2022 11:28:23: 	Server Started
info: Dec-19-2022 11:28:32: 	User Logged In
info: Dec-19-2022 11:28:53: 	Server Started
info: Dec-19-2022 11:29:02: 	User Logged In
info: Dec-19-2022 11:29:38: 	Server Started
info: Dec-19-2022 11:31:27: 	Server Started
info: Dec-19-2022 11:31:36: 	User Logged In
info: Dec-19-2022 11:34:42: 	Server Started
info: Dec-19-2022 11:36:59: 	Server Started
info: Dec-19-2022 11:37:07: 	Server Started
info: Dec-19-2022 11:37:10: 	Server Started
info: Dec-19-2022 11:37:29: 	Server Started
info: Dec-19-2022 11:37:44: 	Server Started
info: Dec-19-2022 11:38:08: 	User Logged In
info: Dec-19-2022 11:39:08: 	Server Started
info: Dec-19-2022 11:39:31: 	User Logged In
info: Dec-19-2022 11:40:08: 	User Created Feed.
info: Dec-19-2022 11:40:37: 	Server Started
info: Dec-19-2022 11:42:20: 	Server Started
info: Dec-19-2022 11:43:47: 	Server Started
info: Dec-19-2022 11:43:55: 	Server Started
info: Dec-19-2022 11:48:45: 	Server Started
info: Dec-19-2022 11:49:19: 	Server Started
info: Dec-19-2022 11:52:16: 	Server Started
info: Dec-19-2022 11:53:07: 	Server Started
info: Dec-19-2022 11:53:22: 	Server Started
info: Dec-19-2022 11:53:25: 	Server Started
info: Dec-19-2022 11:53:41: 	User Logged In
info: Dec-19-2022 11:54:15: 	User Created Feed.
info: Dec-19-2022 11:57:05: 	Server Started
info: Dec-19-2022 11:57:36: 	Server Started
info: Dec-19-2022 11:57:41: 	Server Started
info: Dec-19-2022 11:58:47: 	User Logged In
info: Dec-19-2022 12:06:38: 	Server Started
info: Dec-19-2022 12:06:38: 	Server Started
info: Dec-19-2022 12:07:54: 	User Logged In
info: Dec-19-2022 12:09:07: 	Server Started
info: Dec-19-2022 12:09:33: 	Server Started
info: Dec-19-2022 12:09:41: 	Server Started
info: Dec-19-2022 12:10:28: 	Server Started
info: Dec-19-2022 12:11:53: 	Server Started
info: Dec-19-2022 12:14:16: 	Server Started
info: Dec-19-2022 12:15:44: 	Server Started
info: Dec-19-2022 12:16:16: 	Server Started
info: Dec-19-2022 12:17:03: 	Server Started
info: Dec-19-2022 12:17:14: 	User Logged In
info: Dec-19-2022 12:18:56: 	User Logged In
info: Dec-19-2022 12:21:40: 	Server Started
info: Dec-19-2022 12:21:53: 	Server Started
info: Dec-19-2022 12:21:58: 	User Feed Accessed
info: Dec-19-2022 12:22:05: 	User Logged In
info: Dec-19-2022 12:22:06: 	User Feed Accessed
info: Dec-19-2022 12:23:19: 	User Feed Accessed
info: Dec-19-2022 12:23:26: 	User Feed Accessed
info: Dec-19-2022 12:24:19: 	Server Started
info: Dec-19-2022 12:25:44: 	Server Started
info: Dec-19-2022 12:26:39: 	User Logged In
info: Dec-19-2022 12:26:40: 	User Feed Accessed
info: Dec-19-2022 12:26:53: 	User Feed Accessed
info: Dec-19-2022 12:30:00: 	User Feed Accessed
info: Dec-19-2022 12:31:23: 	User Created Team
info: Dec-19-2022 12:37:04: 	Server Started
info: Dec-19-2022 12:37:19: 	User Logged In
info: Dec-19-2022 12:40:17: 	Server Started
info: Dec-19-2022 12:40:25: 	User Logged In
info: Dec-19-2022 12:41:32: 	Server Started
info: Dec-19-2022 12:41:40: 	User Logged In
info: Dec-19-2022 12:41:54: 	Server Started
info: Dec-19-2022 12:42:07: 	User Logged In
info: Dec-19-2022 12:44:17: 	Server Started
info: Dec-19-2022 12:44:30: 	User Logged In
info: Dec-19-2022 12:44:58: 	Server Started
info: Dec-19-2022 12:45:12: 	User Logged In
info: Dec-19-2022 12:45:14: 	User Feed Accessed
info: Dec-19-2022 12:45:33: 	User Feed Accessed
info: Dec-19-2022 12:48:15: 	Server Started
info: Dec-19-2022 12:48:22: 	Server Started
info: Dec-19-2022 12:49:34: 	Server Started
info: Dec-19-2022 12:49:39: 	Server Started
info: Dec-19-2022 12:49:51: 	User Logged In
info: Dec-19-2022 13:01:17: 	Server Started
info: Dec-19-2022 13:01:35: 	Server Started
info: Dec-19-2022 13:03:16: 	Server Started
info: Dec-19-2022 13:04:14: 	User Logged In
info: Dec-19-2022 13:04:31: 	Server Started
info: Dec-19-2022 13:04:40: 	User Logged In
info: Dec-19-2022 13:05:10: 	Server Started
info: Dec-19-2022 13:05:24: 	Server Started
info: Dec-19-2022 13:05:35: 	User Logged In
info: Dec-19-2022 13:06:18: 	Server Started
info: Dec-19-2022 13:06:46: 	Server Started
info: Dec-19-2022 13:07:00: 	Server Started
info: Dec-19-2022 13:07:07: 	User Logged In
info: Dec-19-2022 13:07:58: 	Server Started
info: Dec-19-2022 13:08:03: 	Server Started
info: Dec-19-2022 13:08:11: 	Server Started
info: Dec-19-2022 13:08:17: 	Server Started
info: Dec-19-2022 13:08:25: 	User Logged In
info: Dec-19-2022 13:09:32: 	Server Started
info: Dec-19-2022 13:09:37: 	Server Started
info: Dec-19-2022 13:09:46: 	User Logged In
info: Dec-19-2022 13:10:22: 	Server Started
info: Dec-19-2022 13:10:31: 	Server Started
info: Dec-19-2022 13:10:38: 	Server Started
info: Dec-19-2022 13:10:47: 	Server Started
info: Dec-19-2022 13:10:56: 	Server Started
info: Dec-19-2022 13:11:01: 	Server Started
info: Dec-19-2022 13:11:07: 	Server Started
info: Dec-19-2022 13:13:26: 	Server Started
info: Dec-19-2022 13:13:38: 	User Logged In
info: Dec-19-2022 13:14:23: 	Server Started
info: Dec-19-2022 13:14:41: 	User Logged In
info: Dec-19-2022 13:15:13: 	Server Started
info: Dec-19-2022 13:15:25: 	User Logged In
info: Dec-19-2022 13:15:38: 	User Feed Accessed
info: Dec-19-2022 13:20:37: 	Server Started
info: Dec-19-2022 13:21:54: 	User Logged In
info: Dec-19-2022 13:43:05: 	Server Started
info: Dec-19-2022 13:45:00: 	Server Started
info: Dec-19-2022 14:14:52: 	Server Started
info: Dec-19-2022 14:15:30: 	User Registered
info: Dec-19-2022 14:17:54: 	Server Started
info: Dec-19-2022 14:18:01: 	User Registered
info: Dec-19-2022 14:19:00: 	User Registered
info: Dec-19-2022 14:19:21: 	Server Started
info: Dec-19-2022 14:19:49: 	User Registered
info: Dec-19-2022 14:21:56: 	Server Started
info: Dec-19-2022 14:22:22: 	User Registered
info: Dec-19-2022 14:22:34: 	User Logged In
info: Dec-19-2022 14:24:18: 	User Feed Accessed
info: Dec-19-2022 14:24:58: 	User Feed Accessed
info: Dec-19-2022 14:25:32: 	User Created Team
info: Dec-19-2022 14:28:39: 	Server Started
info: Dec-19-2022 14:29:10: 	User Logged In
info: Dec-19-2022 14:30:03: 	Server Started
info: Dec-19-2022 14:30:19: 	User Logged In
info: Dec-19-2022 14:31:43: 	Server Started
info: Dec-19-2022 14:32:33: 	Server Started
info: Dec-19-2022 14:33:52: 	Server Started
info: Dec-19-2022 14:34:13: 	Server Started
info: Dec-19-2022 14:34:23: 	User Logged In
info: Dec-19-2022 14:35:53: 	Server Started
info: Dec-19-2022 14:36:03: 	User Logged In
info: Dec-19-2022 15:15:20: 	Server Started
info: Dec-19-2022 15:15:31: 	User Logged In
info: Dec-19-2022 15:21:44: 	Server Started
info: Dec-19-2022 15:27:45: 	Server Started
info: Dec-19-2022 15:27:58: 	User Logged In
info: Dec-19-2022 15:29:14: 	Server Started
info: Dec-19-2022 15:29:42: 	User Logged In
info: Dec-19-2022 15:29:48: 	User Feed Accessed
info: Dec-19-2022 15:29:55: 	User Feed Accessed
info: Dec-19-2022 15:30:03: 	User Feed Accessed
info: Dec-19-2022 15:33:21: 	User Feed Accessed
info: Dec-19-2022 15:34:09: 	User Feed Accessed
info: Dec-19-2022 15:34:21: 	User Feed Accessed
info: Dec-19-2022 15:34:45: 	User Feed Accessed
info: Dec-19-2022 15:35:13: 	User Feed Accessed
info: Dec-19-2022 15:35:17: 	User Feed Accessed
info: Dec-19-2022 15:35:51: 	User Feed Accessed
info: Dec-19-2022 15:37:20: 	User Feed Accessed
info: Dec-19-2022 15:37:45: 	User Feed Accessed
info: Dec-19-2022 15:38:13: 	User Feed Accessed
info: Dec-19-2022 15:39:40: 	User Feed Accessed
info: Dec-19-2022 15:48:05: 	User Feed Accessed
info: Dec-19-2022 15:48:59: 	User Feed Accessed
info: Dec-19-2022 16:10:04: 	Server Started
info: Dec-19-2022 16:10:20: 	User Logged In
info: Dec-19-2022 16:30:11: 	User Feed Accessed
info: Dec-19-2022 16:31:25: 	User Feed Accessed
info: Dec-19-2022 16:31:38: 	User Feed Accessed
info: Dec-19-2022 16:33:22: 	User Feed Accessed
info: Dec-19-2022 16:33:28: 	User Feed Accessed
info: Dec-19-2022 16:34:11: 	Server Started
info: Dec-19-2022 17:13:06: 	User Logged In
info: Dec-19-2022 18:40:44: 	User Logged In
info: Dec-19-2022 18:53:54: 	User Feed Accessed
info: Dec-19-2022 18:57:12: 	User Feed Accessed
info: Dec-19-2022 18:58:40: 	User Feed Accessed
info: Dec-19-2022 18:58:51: 	User Feed Accessed
info: Dec-19-2022 19:00:21: 	User Feed Accessed
info: Dec-19-2022 19:12:25: 	User Created Team
info: Dec-19-2022 19:31:13: 	User Feed Accessed
info: Dec-19-2022 19:34:03: 	User Feed Accessed
info: Dec-19-2022 19:34:13: 	User Feed Accessed
info: Dec-19-2022 19:39:30: 	User Feed Accessed
info: Dec-19-2022 19:39:34: 	User Feed Accessed
info: Dec-19-2022 19:47:46: 	User Feed Accessed
info: Dec-19-2022 19:48:26: 	User Feed Accessed
info: Dec-19-2022 19:48:39: 	User Feed Accessed
info: Dec-19-2022 20:00:15: 	User Logged In
info: Dec-19-2022 20:00:20: 	User Feed Accessed
